<?xml version="1.0" encoding="UTF-8"?>
<!-- Generated by org.testng.reporters.JUnitReportReporter -->
<testsuite skipped="0" hostname="DESKTOP-2I6CRDI" name="testcases.TC2_singleEMPLOYESS" tests="3" failures="0" timestamp="25 Oct 2019 23:16:32 GMT" time="0.136" errors="0">
  <testcase name="content" time="0.000" classname="testcases.TC2_singleEMPLOYESS"/>
  <testcase name="statusCode" time="0.019" classname="testcases.TC2_singleEMPLOYESS"/>
  <testcase name="checkValidation" time="0.117" classname="testcases.TC2_singleEMPLOYESS"/>
</testsuite> <!-- testcases.TC2_singleEMPLOYESS -->
