<?xml version="1.0" encoding="UTF-8"?>
<!-- Generated by org.testng.reporters.JUnitReportReporter -->
<testsuite skipped="0" hostname="DESKTOP-2I6CRDI" name="testcases.TC4_PUTREQUEST" tests="4" failures="0" timestamp="26 Oct 2019 00:43:29 GMT" time="0.101" errors="0">
  <testcase name="checkStatus" time="0.012" classname="testcases.TC4_PUTREQUEST"/>
  <testcase name="serverStatus" time="0.004" classname="testcases.TC4_PUTREQUEST"/>
  <testcase name="checkContent" time="0.046" classname="testcases.TC4_PUTREQUEST"/>
  <testcase name="checkValidations" time="0.039" classname="testcases.TC4_PUTREQUEST"/>
</testsuite> <!-- testcases.TC4_PUTREQUEST -->
