<?xml version="1.0" encoding="UTF-8"?>
<!-- Generated by org.testng.reporters.JUnitReportReporter -->
<testsuite skipped="0" hostname="DESKTOP-2I6CRDI" name="testcases.TC5_DELETEREQUEST" tests="4" failures="0" timestamp="26 Oct 2019 01:10:55 GMT" time="0.052" errors="0">
  <testcase name="checkContentType" time="0.038" classname="testcases.TC5_DELETEREQUEST"/>
  <testcase name="checkResposeBody" time="0.002" classname="testcases.TC5_DELETEREQUEST"/>
  <testcase name="checkStatusCode" time="0.008" classname="testcases.TC5_DELETEREQUEST"/>
  <testcase name="checkstatusLine" time="0.004" classname="testcases.TC5_DELETEREQUEST"/>
</testsuite> <!-- testcases.TC5_DELETEREQUEST -->
