<?xml version="1.0" encoding="UTF-8"?>
<!-- Generated by org.testng.reporters.JUnitReportReporter -->
<testsuite skipped="0" hostname="DESKTOP-2I6CRDI" name="testcases.TC001_GETALLEMPLOYESS" tests="4" failures="0" timestamp="22 Oct 2019 20:24:34 GMT" time="0.076" errors="0">
  <testcase name="responseTime" time="0.002" classname="testcases.TC001_GETALLEMPLOYESS"/>
  <testcase name="responseBody" time="0.049" classname="testcases.TC001_GETALLEMPLOYESS"/>
  <testcase name="checkStatusLine" time="0.021" classname="testcases.TC001_GETALLEMPLOYESS"/>
  <testcase name="statucCode" time="0.004" classname="testcases.TC001_GETALLEMPLOYESS"/>
</testsuite> <!-- testcases.TC001_GETALLEMPLOYESS -->
